This file contains any messages produced by compilers while
running configure, to aid debugging if configure makes a mistake.

It was created by configure, which was
generated by GNU Autoconf 2.69.  Invocation command line was

  $ ./configure 

## --------- ##
## Platform. ##
## --------- ##

hostname = v18.mycallcloud.com
uname -m = i686
uname -r = 3.7.10-1.40-pae
uname -s = Linux
uname -v = #1 SMP Thu Jul 10 11:22:12 UTC 2014 (9b06319)

/usr/bin/uname -p = i686
/bin/uname -X     = unknown

/bin/arch              = i686
/usr/bin/arch -k       = unknown
/usr/convex/getsysinfo = unknown
/usr/bin/hostinfo      = unknown
/bin/machine           = unknown
/usr/bin/oslevel       = unknown
/bin/universe          = unknown

PATH: /sbin
PATH: /usr/sbin
PATH: /usr/local/sbin
PATH: /root/bin
PATH: /usr/local/bin
PATH: /usr/bin
PATH: /bin
PATH: /usr/X11R6/bin
PATH: /usr/games


## ----------- ##
## Core tests. ##
## ----------- ##

configure:2406: checking for ranlib
configure:2422: found /usr/bin/ranlib
configure:2433: result: ranlib
configure:2503: checking for gcc
configure:2519: found /usr/bin/gcc
configure:2530: result: gcc
configure:2759: checking for C compiler version
configure:2768: gcc --version >&5
gcc (SUSE Linux) 4.7.2 20130108 [gcc-4_7-branch revision 195012]
Copyright (C) 2012 Free Software Foundation, Inc.
This is free software; see the source for copying conditions.  There is NO
warranty; not even for MERCHANTABILITY or FITNESS FOR A PARTICULAR PURPOSE.

configure:2779: $? = 0
configure:2768: gcc -v >&5
Using built-in specs.
COLLECT_GCC=gcc
COLLECT_LTO_WRAPPER=/usr/lib/gcc/i586-suse-linux/4.7/lto-wrapper
Target: i586-suse-linux
Configured with: ../configure --prefix=/usr --infodir=/usr/share/info --mandir=/usr/share/man --libdir=/usr/lib --libexecdir=/usr/lib --enable-languages=c,c++,objc,fortran,obj-c++,java,ada --enable-checking=release --with-gxx-include-dir=/usr/include/c++/4.7 --enable-ssp --disable-libssp --disable-libitm --disable-plugin --with-bugurl=http://bugs.opensuse.org/ --with-pkgversion='SUSE Linux' --disable-libgcj --disable-libmudflap --with-slibdir=/lib --with-system-zlib --enable-__cxa_atexit --enable-libstdcxx-allocator=new --disable-libstdcxx-pch --enable-version-specific-runtime-libs --enable-linker-build-id --program-suffix=-4.7 --enable-linux-futex --without-system-libunwind --with-arch-32=i586 --with-tune=generic --build=i586-suse-linux
Thread model: posix
gcc version 4.7.2 20130108 [gcc-4_7-branch revision 195012] (SUSE Linux) 
configure:2779: $? = 0
configure:2768: gcc -V >&5
gcc: error: unrecognized command line option '-V'
gcc: fatal error: no input files
compilation terminated.
configure:2779: $? = 1
configure:2768: gcc -qversion >&5
gcc: error: unrecognized command line option '-qversion'
gcc: fatal error: no input files
compilation terminated.
configure:2779: $? = 1
configure:2799: checking whether the C compiler works
configure:2821: gcc -fPIC   -ldl conftest.c  >&5
configure:2825: $? = 0
configure:2873: result: yes
configure:2876: checking for C compiler default output file name
configure:2878: result: a.out
configure:2884: checking for suffix of executables
configure:2891: gcc -o conftest -fPIC   -ldl conftest.c  >&5
configure:2895: $? = 0
configure:2917: result: 
configure:2939: checking whether we are cross compiling
configure:2947: gcc -o conftest -fPIC   -ldl conftest.c  >&5
configure:2951: $? = 0
configure:2958: ./conftest
configure:2962: $? = 0
configure:2977: result: no
configure:2982: checking for suffix of object files
configure:3004: gcc -c -fPIC  conftest.c >&5
configure:3008: $? = 0
configure:3029: result: o
configure:3033: checking whether we are using the GNU C compiler
configure:3052: gcc -c -fPIC  conftest.c >&5
configure:3052: $? = 0
configure:3061: result: yes
configure:3070: checking whether gcc accepts -g
configure:3090: gcc -c -g  conftest.c >&5
configure:3090: $? = 0
configure:3131: result: yes
configure:3148: checking for gcc option to accept ISO C89
configure:3211: gcc  -c -fPIC  conftest.c >&5
configure:3211: $? = 0
configure:3224: result: none needed
configure:3287: checking for a BSD-compatible install
configure:3355: result: /usr/bin/install -c
configure:3373: checking how to run the C preprocessor
configure:3404: gcc -E  conftest.c
configure:3404: $? = 0
configure:3418: gcc -E  conftest.c
conftest.c:9:28: fatal error: ac_nonexistent.h: No such file or directory
compilation terminated.
configure:3418: $? = 1
configure: failed program was:
| /* confdefs.h */
| #define PACKAGE_NAME ""
| #define PACKAGE_TARNAME ""
| #define PACKAGE_VERSION ""
| #define PACKAGE_STRING ""
| #define PACKAGE_BUGREPORT ""
| #define PACKAGE_URL ""
| /* end confdefs.h.  */
| #include <ac_nonexistent.h>
configure:3443: result: gcc -E
configure:3463: gcc -E  conftest.c
configure:3463: $? = 0
configure:3477: gcc -E  conftest.c
conftest.c:9:28: fatal error: ac_nonexistent.h: No such file or directory
compilation terminated.
configure:3477: $? = 1
configure: failed program was:
| /* confdefs.h */
| #define PACKAGE_NAME ""
| #define PACKAGE_TARNAME ""
| #define PACKAGE_VERSION ""
| #define PACKAGE_STRING ""
| #define PACKAGE_BUGREPORT ""
| #define PACKAGE_URL ""
| /* end confdefs.h.  */
| #include <ac_nonexistent.h>
configure:3506: checking for grep that handles long lines and -e
configure:3564: result: /usr/bin/grep
configure:3569: checking for egrep
configure:3631: result: /usr/bin/grep -E
configure:3636: checking for ANSI C header files
configure:3656: gcc -c -fPIC  conftest.c >&5
configure:3656: $? = 0
configure:3729: gcc -o conftest -fPIC   -ldl conftest.c  >&5
configure:3729: $? = 0
configure:3729: ./conftest
configure:3729: $? = 0
configure:3740: result: yes
configure:3753: checking for sys/types.h
configure:3753: gcc -c -fPIC  conftest.c >&5
configure:3753: $? = 0
configure:3753: result: yes
configure:3753: checking for sys/stat.h
configure:3753: gcc -c -fPIC  conftest.c >&5
configure:3753: $? = 0
configure:3753: result: yes
configure:3753: checking for stdlib.h
configure:3753: gcc -c -fPIC  conftest.c >&5
configure:3753: $? = 0
configure:3753: result: yes
configure:3753: checking for string.h
configure:3753: gcc -c -fPIC  conftest.c >&5
configure:3753: $? = 0
configure:3753: result: yes
configure:3753: checking for memory.h
configure:3753: gcc -c -fPIC  conftest.c >&5
configure:3753: $? = 0
configure:3753: result: yes
configure:3753: checking for strings.h
configure:3753: gcc -c -fPIC  conftest.c >&5
configure:3753: $? = 0
configure:3753: result: yes
configure:3753: checking for inttypes.h
configure:3753: gcc -c -fPIC  conftest.c >&5
configure:3753: $? = 0
configure:3753: result: yes
configure:3753: checking for stdint.h
configure:3753: gcc -c -fPIC  conftest.c >&5
configure:3753: $? = 0
configure:3753: result: yes
configure:3753: checking for unistd.h
configure:3753: gcc -c -fPIC  conftest.c >&5
configure:3753: $? = 0
configure:3753: result: yes
configure:3765: checking whether byte ordering is bigendian
configure:3780: gcc -c -fPIC  conftest.c >&5
conftest.c:20:9: error: unknown type name 'not'
conftest.c:20:15: error: expected '=', ',', ';', 'asm' or '__attribute__' before 'universal'
conftest.c:20:15: error: unknown type name 'universal'
configure:3780: $? = 1
configure: failed program was:
| /* confdefs.h */
| #define PACKAGE_NAME ""
| #define PACKAGE_TARNAME ""
| #define PACKAGE_VERSION ""
| #define PACKAGE_STRING ""
| #define PACKAGE_BUGREPORT ""
| #define PACKAGE_URL ""
| #define STDC_HEADERS 1
| #define HAVE_SYS_TYPES_H 1
| #define HAVE_SYS_STAT_H 1
| #define HAVE_STDLIB_H 1
| #define HAVE_STRING_H 1
| #define HAVE_MEMORY_H 1
| #define HAVE_STRINGS_H 1
| #define HAVE_INTTYPES_H 1
| #define HAVE_STDINT_H 1
| #define HAVE_UNISTD_H 1
| /* end confdefs.h.  */
| #ifndef __APPLE_CC__
| 	       not a universal capable compiler
| 	     #endif
| 	     typedef int dummy;
| 
configure:3825: gcc -c -fPIC  conftest.c >&5
configure:3825: $? = 0
configure:3843: gcc -c -fPIC  conftest.c >&5
conftest.c: In function 'main':
conftest.c:26:4: error: unknown type name 'not'
conftest.c:26:12: error: expected '=', ',', ';', 'asm' or '__attribute__' before 'endian'
configure:3843: $? = 1
configure: failed program was:
| /* confdefs.h */
| #define PACKAGE_NAME ""
| #define PACKAGE_TARNAME ""
| #define PACKAGE_VERSION ""
| #define PACKAGE_STRING ""
| #define PACKAGE_BUGREPORT ""
| #define PACKAGE_URL ""
| #define STDC_HEADERS 1
| #define HAVE_SYS_TYPES_H 1
| #define HAVE_SYS_STAT_H 1
| #define HAVE_STDLIB_H 1
| #define HAVE_STRING_H 1
| #define HAVE_MEMORY_H 1
| #define HAVE_STRINGS_H 1
| #define HAVE_INTTYPES_H 1
| #define HAVE_STDINT_H 1
| #define HAVE_UNISTD_H 1
| /* end confdefs.h.  */
| #include <sys/types.h>
| 		#include <sys/param.h>
| 
| int
| main ()
| {
| #if BYTE_ORDER != BIG_ENDIAN
| 		 not big endian
| 		#endif
| 
|   ;
|   return 0;
| }
configure:3971: result: no
configure:3994: checking build system type
configure:4008: result: i686-pc-linux-gnu
configure:4028: checking host system type
configure:4041: result: i686-pc-linux-gnu
configure:4102: checking whether to build for Linux kernel context
configure:4112: result: no
configure:4116: checking for /dev/urandom
configure:4129: result: yes
configure:4159: checking for ANSI C header files
configure:4263: result: yes
configure:4273: checking for stdlib.h
configure:4273: result: yes
configure:4285: checking for unistd.h
configure:4285: result: yes
configure:4297: checking byteswap.h usability
configure:4297: gcc -c -fPIC  conftest.c >&5
configure:4297: $? = 0
configure:4297: result: yes
configure:4297: checking byteswap.h presence
configure:4297: gcc -E  conftest.c
configure:4297: $? = 0
configure:4297: result: yes
configure:4297: checking for byteswap.h
configure:4297: result: yes
configure:4309: checking for stdint.h
configure:4309: result: yes
configure:4321: checking sys/uio.h usability
configure:4321: gcc -c -fPIC  conftest.c >&5
configure:4321: $? = 0
configure:4321: result: yes
configure:4321: checking sys/uio.h presence
configure:4321: gcc -E  conftest.c
configure:4321: $? = 0
configure:4321: result: yes
configure:4321: checking for sys/uio.h
configure:4321: result: yes
configure:4333: checking for inttypes.h
configure:4333: result: yes
configure:4345: checking for sys/types.h
configure:4345: result: yes
configure:4357: checking machine/types.h usability
configure:4357: gcc -c -fPIC  conftest.c >&5
conftest.c:62:27: fatal error: machine/types.h: No such file or directory
compilation terminated.
configure:4357: $? = 1
configure: failed program was:
| /* confdefs.h */
| #define PACKAGE_NAME ""
| #define PACKAGE_TARNAME ""
| #define PACKAGE_VERSION ""
| #define PACKAGE_STRING ""
| #define PACKAGE_BUGREPORT ""
| #define PACKAGE_URL ""
| #define STDC_HEADERS 1
| #define HAVE_SYS_TYPES_H 1
| #define HAVE_SYS_STAT_H 1
| #define HAVE_STDLIB_H 1
| #define HAVE_STRING_H 1
| #define HAVE_MEMORY_H 1
| #define HAVE_STRINGS_H 1
| #define HAVE_INTTYPES_H 1
| #define HAVE_STDINT_H 1
| #define HAVE_UNISTD_H 1
| #define CPU_CISC 1
| #define HAVE_X86 1
| #define STDC_HEADERS 1
| #define HAVE_STDLIB_H 1
| #define HAVE_UNISTD_H 1
| #define HAVE_BYTESWAP_H 1
| #define HAVE_STDINT_H 1
| #define HAVE_SYS_UIO_H 1
| #define HAVE_INTTYPES_H 1
| #define HAVE_SYS_TYPES_H 1
| /* end confdefs.h.  */
| #include <stdio.h>
| #ifdef HAVE_SYS_TYPES_H
| # include <sys/types.h>
| #endif
| #ifdef HAVE_SYS_STAT_H
| # include <sys/stat.h>
| #endif
| #ifdef STDC_HEADERS
| # include <stdlib.h>
| # include <stddef.h>
| #else
| # ifdef HAVE_STDLIB_H
| #  include <stdlib.h>
| # endif
| #endif
| #ifdef HAVE_STRING_H
| # if !defined STDC_HEADERS && defined HAVE_MEMORY_H
| #  include <memory.h>
| # endif
| # include <string.h>
| #endif
| #ifdef HAVE_STRINGS_H
| # include <strings.h>
| #endif
| #ifdef HAVE_INTTYPES_H
| # include <inttypes.h>
| #endif
| #ifdef HAVE_STDINT_H
| # include <stdint.h>
| #endif
| #ifdef HAVE_UNISTD_H
| # include <unistd.h>
| #endif
| #include <machine/types.h>
configure:4357: result: no
configure:4357: checking machine/types.h presence
configure:4357: gcc -E  conftest.c
conftest.c:29:27: fatal error: machine/types.h: No such file or directory
compilation terminated.
configure:4357: $? = 1
configure: failed program was:
| /* confdefs.h */
| #define PACKAGE_NAME ""
| #define PACKAGE_TARNAME ""
| #define PACKAGE_VERSION ""
| #define PACKAGE_STRING ""
| #define PACKAGE_BUGREPORT ""
| #define PACKAGE_URL ""
| #define STDC_HEADERS 1
| #define HAVE_SYS_TYPES_H 1
| #define HAVE_SYS_STAT_H 1
| #define HAVE_STDLIB_H 1
| #define HAVE_STRING_H 1
| #define HAVE_MEMORY_H 1
| #define HAVE_STRINGS_H 1
| #define HAVE_INTTYPES_H 1
| #define HAVE_STDINT_H 1
| #define HAVE_UNISTD_H 1
| #define CPU_CISC 1
| #define HAVE_X86 1
| #define STDC_HEADERS 1
| #define HAVE_STDLIB_H 1
| #define HAVE_UNISTD_H 1
| #define HAVE_BYTESWAP_H 1
| #define HAVE_STDINT_H 1
| #define HAVE_SYS_UIO_H 1
| #define HAVE_INTTYPES_H 1
| #define HAVE_SYS_TYPES_H 1
| /* end confdefs.h.  */
| #include <machine/types.h>
configure:4357: result: no
configure:4357: checking for machine/types.h
configure:4357: result: no
configure:4369: checking sys/int_types.h usability
configure:4369: gcc -c -fPIC  conftest.c >&5
conftest.c:62:27: fatal error: sys/int_types.h: No such file or directory
compilation terminated.
configure:4369: $? = 1
configure: failed program was:
| /* confdefs.h */
| #define PACKAGE_NAME ""
| #define PACKAGE_TARNAME ""
| #define PACKAGE_VERSION ""
| #define PACKAGE_STRING ""
| #define PACKAGE_BUGREPORT ""
| #define PACKAGE_URL ""
| #define STDC_HEADERS 1
| #define HAVE_SYS_TYPES_H 1
| #define HAVE_SYS_STAT_H 1
| #define HAVE_STDLIB_H 1
| #define HAVE_STRING_H 1
| #define HAVE_MEMORY_H 1
| #define HAVE_STRINGS_H 1
| #define HAVE_INTTYPES_H 1
| #define HAVE_STDINT_H 1
| #define HAVE_UNISTD_H 1
| #define CPU_CISC 1
| #define HAVE_X86 1
| #define STDC_HEADERS 1
| #define HAVE_STDLIB_H 1
| #define HAVE_UNISTD_H 1
| #define HAVE_BYTESWAP_H 1
| #define HAVE_STDINT_H 1
| #define HAVE_SYS_UIO_H 1
| #define HAVE_INTTYPES_H 1
| #define HAVE_SYS_TYPES_H 1
| /* end confdefs.h.  */
| #include <stdio.h>
| #ifdef HAVE_SYS_TYPES_H
| # include <sys/types.h>
| #endif
| #ifdef HAVE_SYS_STAT_H
| # include <sys/stat.h>
| #endif
| #ifdef STDC_HEADERS
| # include <stdlib.h>
| # include <stddef.h>
| #else
| # ifdef HAVE_STDLIB_H
| #  include <stdlib.h>
| # endif
| #endif
| #ifdef HAVE_STRING_H
| # if !defined STDC_HEADERS && defined HAVE_MEMORY_H
| #  include <memory.h>
| # endif
| # include <string.h>
| #endif
| #ifdef HAVE_STRINGS_H
| # include <strings.h>
| #endif
| #ifdef HAVE_INTTYPES_H
| # include <inttypes.h>
| #endif
| #ifdef HAVE_STDINT_H
| # include <stdint.h>
| #endif
| #ifdef HAVE_UNISTD_H
| # include <unistd.h>
| #endif
| #include <sys/int_types.h>
configure:4369: result: no
configure:4369: checking sys/int_types.h presence
configure:4369: gcc -E  conftest.c
conftest.c:29:27: fatal error: sys/int_types.h: No such file or directory
compilation terminated.
configure:4369: $? = 1
configure: failed program was:
| /* confdefs.h */
| #define PACKAGE_NAME ""
| #define PACKAGE_TARNAME ""
| #define PACKAGE_VERSION ""
| #define PACKAGE_STRING ""
| #define PACKAGE_BUGREPORT ""
| #define PACKAGE_URL ""
| #define STDC_HEADERS 1
| #define HAVE_SYS_TYPES_H 1
| #define HAVE_SYS_STAT_H 1
| #define HAVE_STDLIB_H 1
| #define HAVE_STRING_H 1
| #define HAVE_MEMORY_H 1
| #define HAVE_STRINGS_H 1
| #define HAVE_INTTYPES_H 1
| #define HAVE_STDINT_H 1
| #define HAVE_UNISTD_H 1
| #define CPU_CISC 1
| #define HAVE_X86 1
| #define STDC_HEADERS 1
| #define HAVE_STDLIB_H 1
| #define HAVE_UNISTD_H 1
| #define HAVE_BYTESWAP_H 1
| #define HAVE_STDINT_H 1
| #define HAVE_SYS_UIO_H 1
| #define HAVE_INTTYPES_H 1
| #define HAVE_SYS_TYPES_H 1
| /* end confdefs.h.  */
| #include <sys/int_types.h>
configure:4369: result: no
configure:4369: checking for sys/int_types.h
configure:4369: result: no
configure:4383: checking sys/socket.h usability
configure:4383: gcc -c -fPIC  conftest.c >&5
configure:4383: $? = 0
configure:4383: result: yes
configure:4383: checking sys/socket.h presence
configure:4383: gcc -E  conftest.c
configure:4383: $? = 0
configure:4383: result: yes
configure:4383: checking for sys/socket.h
configure:4383: result: yes
configure:4383: checking netinet/in.h usability
configure:4383: gcc -c -fPIC  conftest.c >&5
configure:4383: $? = 0
configure:4383: result: yes
configure:4383: checking netinet/in.h presence
configure:4383: gcc -E  conftest.c
configure:4383: $? = 0
configure:4383: result: yes
configure:4383: checking for netinet/in.h
configure:4383: result: yes
configure:4383: checking arpa/inet.h usability
configure:4383: gcc -c -fPIC  conftest.c >&5
configure:4383: $? = 0
configure:4383: result: yes
configure:4383: checking arpa/inet.h presence
configure:4383: gcc -E  conftest.c
configure:4383: $? = 0
configure:4383: result: yes
configure:4383: checking for arpa/inet.h
configure:4383: result: yes
configure:4395: checking windows.h usability
configure:4395: gcc -c -fPIC  conftest.c >&5
conftest.c:65:21: fatal error: windows.h: No such file or directory
compilation terminated.
configure:4395: $? = 1
configure: failed program was:
| /* confdefs.h */
| #define PACKAGE_NAME ""
| #define PACKAGE_TARNAME ""
| #define PACKAGE_VERSION ""
| #define PACKAGE_STRING ""
| #define PACKAGE_BUGREPORT ""
| #define PACKAGE_URL ""
| #define STDC_HEADERS 1
| #define HAVE_SYS_TYPES_H 1
| #define HAVE_SYS_STAT_H 1
| #define HAVE_STDLIB_H 1
| #define HAVE_STRING_H 1
| #define HAVE_MEMORY_H 1
| #define HAVE_STRINGS_H 1
| #define HAVE_INTTYPES_H 1
| #define HAVE_STDINT_H 1
| #define HAVE_UNISTD_H 1
| #define CPU_CISC 1
| #define HAVE_X86 1
| #define STDC_HEADERS 1
| #define HAVE_STDLIB_H 1
| #define HAVE_UNISTD_H 1
| #define HAVE_BYTESWAP_H 1
| #define HAVE_STDINT_H 1
| #define HAVE_SYS_UIO_H 1
| #define HAVE_INTTYPES_H 1
| #define HAVE_SYS_TYPES_H 1
| #define HAVE_SYS_SOCKET_H 1
| #define HAVE_NETINET_IN_H 1
| #define HAVE_ARPA_INET_H 1
| /* end confdefs.h.  */
| #include <stdio.h>
| #ifdef HAVE_SYS_TYPES_H
| # include <sys/types.h>
| #endif
| #ifdef HAVE_SYS_STAT_H
| # include <sys/stat.h>
| #endif
| #ifdef STDC_HEADERS
| # include <stdlib.h>
| # include <stddef.h>
| #else
| # ifdef HAVE_STDLIB_H
| #  include <stdlib.h>
| # endif
| #endif
| #ifdef HAVE_STRING_H
| # if !defined STDC_HEADERS && defined HAVE_MEMORY_H
| #  include <memory.h>
| # endif
| # include <string.h>
| #endif
| #ifdef HAVE_STRINGS_H
| # include <strings.h>
| #endif
| #ifdef HAVE_INTTYPES_H
| # include <inttypes.h>
| #endif
| #ifdef HAVE_STDINT_H
| # include <stdint.h>
| #endif
| #ifdef HAVE_UNISTD_H
| # include <unistd.h>
| #endif
| #include <windows.h>
configure:4395: result: no
configure:4395: checking windows.h presence
configure:4395: gcc -E  conftest.c
conftest.c:32:21: fatal error: windows.h: No such file or directory
compilation terminated.
configure:4395: $? = 1
configure: failed program was:
| /* confdefs.h */
| #define PACKAGE_NAME ""
| #define PACKAGE_TARNAME ""
| #define PACKAGE_VERSION ""
| #define PACKAGE_STRING ""
| #define PACKAGE_BUGREPORT ""
| #define PACKAGE_URL ""
| #define STDC_HEADERS 1
| #define HAVE_SYS_TYPES_H 1
| #define HAVE_SYS_STAT_H 1
| #define HAVE_STDLIB_H 1
| #define HAVE_STRING_H 1
| #define HAVE_MEMORY_H 1
| #define HAVE_STRINGS_H 1
| #define HAVE_INTTYPES_H 1
| #define HAVE_STDINT_H 1
| #define HAVE_UNISTD_H 1
| #define CPU_CISC 1
| #define HAVE_X86 1
| #define STDC_HEADERS 1
| #define HAVE_STDLIB_H 1
| #define HAVE_UNISTD_H 1
| #define HAVE_BYTESWAP_H 1
| #define HAVE_STDINT_H 1
| #define HAVE_SYS_UIO_H 1
| #define HAVE_INTTYPES_H 1
| #define HAVE_SYS_TYPES_H 1
| #define HAVE_SYS_SOCKET_H 1
| #define HAVE_NETINET_IN_H 1
| #define HAVE_ARPA_INET_H 1
| /* end confdefs.h.  */
| #include <windows.h>
configure:4395: result: no
configure:4395: checking for windows.h
configure:4395: result: no
configure:4419: checking syslog.h usability
configure:4419: gcc -c -fPIC  conftest.c >&5
configure:4419: $? = 0
configure:4419: result: yes
configure:4419: checking syslog.h presence
configure:4419: gcc -E  conftest.c
configure:4419: $? = 0
configure:4419: result: yes
configure:4419: checking for syslog.h
configure:4419: result: yes
configure:4430: checking for int8_t
configure:4430: gcc -c -fPIC  conftest.c >&5
configure:4430: $? = 0
configure:4430: gcc -c -fPIC  conftest.c >&5
conftest.c: In function 'main':
conftest.c:69:21: error: expected expression before ')' token
configure:4430: $? = 1
configure: failed program was:
| /* confdefs.h */
| #define PACKAGE_NAME ""
| #define PACKAGE_TARNAME ""
| #define PACKAGE_VERSION ""
| #define PACKAGE_STRING ""
| #define PACKAGE_BUGREPORT ""
| #define PACKAGE_URL ""
| #define STDC_HEADERS 1
| #define HAVE_SYS_TYPES_H 1
| #define HAVE_SYS_STAT_H 1
| #define HAVE_STDLIB_H 1
| #define HAVE_STRING_H 1
| #define HAVE_MEMORY_H 1
| #define HAVE_STRINGS_H 1
| #define HAVE_INTTYPES_H 1
| #define HAVE_STDINT_H 1
| #define HAVE_UNISTD_H 1
| #define CPU_CISC 1
| #define HAVE_X86 1
| #define STDC_HEADERS 1
| #define HAVE_STDLIB_H 1
| #define HAVE_UNISTD_H 1
| #define HAVE_BYTESWAP_H 1
| #define HAVE_STDINT_H 1
| #define HAVE_SYS_UIO_H 1
| #define HAVE_INTTYPES_H 1
| #define HAVE_SYS_TYPES_H 1
| #define HAVE_SYS_SOCKET_H 1
| #define HAVE_NETINET_IN_H 1
| #define HAVE_ARPA_INET_H 1
| #define HAVE_SYSLOG_H 1
| /* end confdefs.h.  */
| #include <stdio.h>
| #ifdef HAVE_SYS_TYPES_H
| # include <sys/types.h>
| #endif
| #ifdef HAVE_SYS_STAT_H
| # include <sys/stat.h>
| #endif
| #ifdef STDC_HEADERS
| # include <stdlib.h>
| # include <stddef.h>
| #else
| # ifdef HAVE_STDLIB_H
| #  include <stdlib.h>
| # endif
| #endif
| #ifdef HAVE_STRING_H
| # if !defined STDC_HEADERS && defined HAVE_MEMORY_H
| #  include <memory.h>
| # endif
| # include <string.h>
| #endif
| #ifdef HAVE_STRINGS_H
| # include <strings.h>
| #endif
| #ifdef HAVE_INTTYPES_H
| # include <inttypes.h>
| #endif
| #ifdef HAVE_STDINT_H
| # include <stdint.h>
| #endif
| #ifdef HAVE_UNISTD_H
| # include <unistd.h>
| #endif
| int
| main ()
| {
| if (sizeof ((int8_t)))
| 	    return 0;
|   ;
|   return 0;
| }
configure:4430: result: yes
configure:4439: checking for uint8_t
configure:4439: gcc -c -fPIC  conftest.c >&5
configure:4439: $? = 0
configure:4439: gcc -c -fPIC  conftest.c >&5
conftest.c: In function 'main':
conftest.c:70:22: error: expected expression before ')' token
configure:4439: $? = 1
configure: failed program was:
| /* confdefs.h */
| #define PACKAGE_NAME ""
| #define PACKAGE_TARNAME ""
| #define PACKAGE_VERSION ""
| #define PACKAGE_STRING ""
| #define PACKAGE_BUGREPORT ""
| #define PACKAGE_URL ""
| #define STDC_HEADERS 1
| #define HAVE_SYS_TYPES_H 1
| #define HAVE_SYS_STAT_H 1
| #define HAVE_STDLIB_H 1
| #define HAVE_STRING_H 1
| #define HAVE_MEMORY_H 1
| #define HAVE_STRINGS_H 1
| #define HAVE_INTTYPES_H 1
| #define HAVE_STDINT_H 1
| #define HAVE_UNISTD_H 1
| #define CPU_CISC 1
| #define HAVE_X86 1
| #define STDC_HEADERS 1
| #define HAVE_STDLIB_H 1
| #define HAVE_UNISTD_H 1
| #define HAVE_BYTESWAP_H 1
| #define HAVE_STDINT_H 1
| #define HAVE_SYS_UIO_H 1
| #define HAVE_INTTYPES_H 1
| #define HAVE_SYS_TYPES_H 1
| #define HAVE_SYS_SOCKET_H 1
| #define HAVE_NETINET_IN_H 1
| #define HAVE_ARPA_INET_H 1
| #define HAVE_SYSLOG_H 1
| #define HAVE_INT8_T 1
| /* end confdefs.h.  */
| #include <stdio.h>
| #ifdef HAVE_SYS_TYPES_H
| # include <sys/types.h>
| #endif
| #ifdef HAVE_SYS_STAT_H
| # include <sys/stat.h>
| #endif
| #ifdef STDC_HEADERS
| # include <stdlib.h>
| # include <stddef.h>
| #else
| # ifdef HAVE_STDLIB_H
| #  include <stdlib.h>
| # endif
| #endif
| #ifdef HAVE_STRING_H
| # if !defined STDC_HEADERS && defined HAVE_MEMORY_H
| #  include <memory.h>
| # endif
| # include <string.h>
| #endif
| #ifdef HAVE_STRINGS_H
| # include <strings.h>
| #endif
| #ifdef HAVE_INTTYPES_H
| # include <inttypes.h>
| #endif
| #ifdef HAVE_STDINT_H
| # include <stdint.h>
| #endif
| #ifdef HAVE_UNISTD_H
| # include <unistd.h>
| #endif
| int
| main ()
| {
| if (sizeof ((uint8_t)))
| 	    return 0;
|   ;
|   return 0;
| }
configure:4439: result: yes
configure:4448: checking for int16_t
configure:4448: gcc -c -fPIC  conftest.c >&5
configure:4448: $? = 0
configure:4448: gcc -c -fPIC  conftest.c >&5
conftest.c: In function 'main':
conftest.c:71:22: error: expected expression before ')' token
configure:4448: $? = 1
configure: failed program was:
| /* confdefs.h */
| #define PACKAGE_NAME ""
| #define PACKAGE_TARNAME ""
| #define PACKAGE_VERSION ""
| #define PACKAGE_STRING ""
| #define PACKAGE_BUGREPORT ""
| #define PACKAGE_URL ""
| #define STDC_HEADERS 1
| #define HAVE_SYS_TYPES_H 1
| #define HAVE_SYS_STAT_H 1
| #define HAVE_STDLIB_H 1
| #define HAVE_STRING_H 1
| #define HAVE_MEMORY_H 1
| #define HAVE_STRINGS_H 1
| #define HAVE_INTTYPES_H 1
| #define HAVE_STDINT_H 1
| #define HAVE_UNISTD_H 1
| #define CPU_CISC 1
| #define HAVE_X86 1
| #define STDC_HEADERS 1
| #define HAVE_STDLIB_H 1
| #define HAVE_UNISTD_H 1
| #define HAVE_BYTESWAP_H 1
| #define HAVE_STDINT_H 1
| #define HAVE_SYS_UIO_H 1
| #define HAVE_INTTYPES_H 1
| #define HAVE_SYS_TYPES_H 1
| #define HAVE_SYS_SOCKET_H 1
| #define HAVE_NETINET_IN_H 1
| #define HAVE_ARPA_INET_H 1
| #define HAVE_SYSLOG_H 1
| #define HAVE_INT8_T 1
| #define HAVE_UINT8_T 1
| /* end confdefs.h.  */
| #include <stdio.h>
| #ifdef HAVE_SYS_TYPES_H
| # include <sys/types.h>
| #endif
| #ifdef HAVE_SYS_STAT_H
| # include <sys/stat.h>
| #endif
| #ifdef STDC_HEADERS
| # include <stdlib.h>
| # include <stddef.h>
| #else
| # ifdef HAVE_STDLIB_H
| #  include <stdlib.h>
| # endif
| #endif
| #ifdef HAVE_STRING_H
| # if !defined STDC_HEADERS && defined HAVE_MEMORY_H
| #  include <memory.h>
| # endif
| # include <string.h>
| #endif
| #ifdef HAVE_STRINGS_H
| # include <strings.h>
| #endif
| #ifdef HAVE_INTTYPES_H
| # include <inttypes.h>
| #endif
| #ifdef HAVE_STDINT_H
| # include <stdint.h>
| #endif
| #ifdef HAVE_UNISTD_H
| # include <unistd.h>
| #endif
| int
| main ()
| {
| if (sizeof ((int16_t)))
| 	    return 0;
|   ;
|   return 0;
| }
configure:4448: result: yes
configure:4457: checking for uint16_t
configure:4457: gcc -c -fPIC  conftest.c >&5
configure:4457: $? = 0
configure:4457: gcc -c -fPIC  conftest.c >&5
conftest.c: In function 'main':
conftest.c:72:23: error: expected expression before ')' token
configure:4457: $? = 1
configure: failed program was:
| /* confdefs.h */
| #define PACKAGE_NAME ""
| #define PACKAGE_TARNAME ""
| #define PACKAGE_VERSION ""
| #define PACKAGE_STRING ""
| #define PACKAGE_BUGREPORT ""
| #define PACKAGE_URL ""
| #define STDC_HEADERS 1
| #define HAVE_SYS_TYPES_H 1
| #define HAVE_SYS_STAT_H 1
| #define HAVE_STDLIB_H 1
| #define HAVE_STRING_H 1
| #define HAVE_MEMORY_H 1
| #define HAVE_STRINGS_H 1
| #define HAVE_INTTYPES_H 1
| #define HAVE_STDINT_H 1
| #define HAVE_UNISTD_H 1
| #define CPU_CISC 1
| #define HAVE_X86 1
| #define STDC_HEADERS 1
| #define HAVE_STDLIB_H 1
| #define HAVE_UNISTD_H 1
| #define HAVE_BYTESWAP_H 1
| #define HAVE_STDINT_H 1
| #define HAVE_SYS_UIO_H 1
| #define HAVE_INTTYPES_H 1
| #define HAVE_SYS_TYPES_H 1
| #define HAVE_SYS_SOCKET_H 1
| #define HAVE_NETINET_IN_H 1
| #define HAVE_ARPA_INET_H 1
| #define HAVE_SYSLOG_H 1
| #define HAVE_INT8_T 1
| #define HAVE_UINT8_T 1
| #define HAVE_INT16_T 1
| /* end confdefs.h.  */
| #include <stdio.h>
| #ifdef HAVE_SYS_TYPES_H
| # include <sys/types.h>
| #endif
| #ifdef HAVE_SYS_STAT_H
| # include <sys/stat.h>
| #endif
| #ifdef STDC_HEADERS
| # include <stdlib.h>
| # include <stddef.h>
| #else
| # ifdef HAVE_STDLIB_H
| #  include <stdlib.h>
| # endif
| #endif
| #ifdef HAVE_STRING_H
| # if !defined STDC_HEADERS && defined HAVE_MEMORY_H
| #  include <memory.h>
| # endif
| # include <string.h>
| #endif
| #ifdef HAVE_STRINGS_H
| # include <strings.h>
| #endif
| #ifdef HAVE_INTTYPES_H
| # include <inttypes.h>
| #endif
| #ifdef HAVE_STDINT_H
| # include <stdint.h>
| #endif
| #ifdef HAVE_UNISTD_H
| # include <unistd.h>
| #endif
| int
| main ()
| {
| if (sizeof ((uint16_t)))
| 	    return 0;
|   ;
|   return 0;
| }
configure:4457: result: yes
configure:4466: checking for int32_t
configure:4466: gcc -c -fPIC  conftest.c >&5
configure:4466: $? = 0
configure:4466: gcc -c -fPIC  conftest.c >&5
conftest.c: In function 'main':
conftest.c:73:22: error: expected expression before ')' token
configure:4466: $? = 1
configure: failed program was:
| /* confdefs.h */
| #define PACKAGE_NAME ""
| #define PACKAGE_TARNAME ""
| #define PACKAGE_VERSION ""
| #define PACKAGE_STRING ""
| #define PACKAGE_BUGREPORT ""
| #define PACKAGE_URL ""
| #define STDC_HEADERS 1
| #define HAVE_SYS_TYPES_H 1
| #define HAVE_SYS_STAT_H 1
| #define HAVE_STDLIB_H 1
| #define HAVE_STRING_H 1
| #define HAVE_MEMORY_H 1
| #define HAVE_STRINGS_H 1
| #define HAVE_INTTYPES_H 1
| #define HAVE_STDINT_H 1
| #define HAVE_UNISTD_H 1
| #define CPU_CISC 1
| #define HAVE_X86 1
| #define STDC_HEADERS 1
| #define HAVE_STDLIB_H 1
| #define HAVE_UNISTD_H 1
| #define HAVE_BYTESWAP_H 1
| #define HAVE_STDINT_H 1
| #define HAVE_SYS_UIO_H 1
| #define HAVE_INTTYPES_H 1
| #define HAVE_SYS_TYPES_H 1
| #define HAVE_SYS_SOCKET_H 1
| #define HAVE_NETINET_IN_H 1
| #define HAVE_ARPA_INET_H 1
| #define HAVE_SYSLOG_H 1
| #define HAVE_INT8_T 1
| #define HAVE_UINT8_T 1
| #define HAVE_INT16_T 1
| #define HAVE_UINT16_T 1
| /* end confdefs.h.  */
| #include <stdio.h>
| #ifdef HAVE_SYS_TYPES_H
| # include <sys/types.h>
| #endif
| #ifdef HAVE_SYS_STAT_H
| # include <sys/stat.h>
| #endif
| #ifdef STDC_HEADERS
| # include <stdlib.h>
| # include <stddef.h>
| #else
| # ifdef HAVE_STDLIB_H
| #  include <stdlib.h>
| # endif
| #endif
| #ifdef HAVE_STRING_H
| # if !defined STDC_HEADERS && defined HAVE_MEMORY_H
| #  include <memory.h>
| # endif
| # include <string.h>
| #endif
| #ifdef HAVE_STRINGS_H
| # include <strings.h>
| #endif
| #ifdef HAVE_INTTYPES_H
| # include <inttypes.h>
| #endif
| #ifdef HAVE_STDINT_H
| # include <stdint.h>
| #endif
| #ifdef HAVE_UNISTD_H
| # include <unistd.h>
| #endif
| int
| main ()
| {
| if (sizeof ((int32_t)))
| 	    return 0;
|   ;
|   return 0;
| }
configure:4466: result: yes
configure:4475: checking for uint32_t
configure:4475: gcc -c -fPIC  conftest.c >&5
configure:4475: $? = 0
configure:4475: gcc -c -fPIC  conftest.c >&5
conftest.c: In function 'main':
conftest.c:74:23: error: expected expression before ')' token
configure:4475: $? = 1
configure: failed program was:
| /* confdefs.h */
| #define PACKAGE_NAME ""
| #define PACKAGE_TARNAME ""
| #define PACKAGE_VERSION ""
| #define PACKAGE_STRING ""
| #define PACKAGE_BUGREPORT ""
| #define PACKAGE_URL ""
| #define STDC_HEADERS 1
| #define HAVE_SYS_TYPES_H 1
| #define HAVE_SYS_STAT_H 1
| #define HAVE_STDLIB_H 1
| #define HAVE_STRING_H 1
| #define HAVE_MEMORY_H 1
| #define HAVE_STRINGS_H 1
| #define HAVE_INTTYPES_H 1
| #define HAVE_STDINT_H 1
| #define HAVE_UNISTD_H 1
| #define CPU_CISC 1
| #define HAVE_X86 1
| #define STDC_HEADERS 1
| #define HAVE_STDLIB_H 1
| #define HAVE_UNISTD_H 1
| #define HAVE_BYTESWAP_H 1
| #define HAVE_STDINT_H 1
| #define HAVE_SYS_UIO_H 1
| #define HAVE_INTTYPES_H 1
| #define HAVE_SYS_TYPES_H 1
| #define HAVE_SYS_SOCKET_H 1
| #define HAVE_NETINET_IN_H 1
| #define HAVE_ARPA_INET_H 1
| #define HAVE_SYSLOG_H 1
| #define HAVE_INT8_T 1
| #define HAVE_UINT8_T 1
| #define HAVE_INT16_T 1
| #define HAVE_UINT16_T 1
| #define HAVE_INT32_T 1
| /* end confdefs.h.  */
| #include <stdio.h>
| #ifdef HAVE_SYS_TYPES_H
| # include <sys/types.h>
| #endif
| #ifdef HAVE_SYS_STAT_H
| # include <sys/stat.h>
| #endif
| #ifdef STDC_HEADERS
| # include <stdlib.h>
| # include <stddef.h>
| #else
| # ifdef HAVE_STDLIB_H
| #  include <stdlib.h>
| # endif
| #endif
| #ifdef HAVE_STRING_H
| # if !defined STDC_HEADERS && defined HAVE_MEMORY_H
| #  include <memory.h>
| # endif
| # include <string.h>
| #endif
| #ifdef HAVE_STRINGS_H
| # include <strings.h>
| #endif
| #ifdef HAVE_INTTYPES_H
| # include <inttypes.h>
| #endif
| #ifdef HAVE_STDINT_H
| # include <stdint.h>
| #endif
| #ifdef HAVE_UNISTD_H
| # include <unistd.h>
| #endif
| int
| main ()
| {
| if (sizeof ((uint32_t)))
| 	    return 0;
|   ;
|   return 0;
| }
configure:4475: result: yes
configure:4484: checking for uint64_t
configure:4484: gcc -c -fPIC  conftest.c >&5
configure:4484: $? = 0
configure:4484: gcc -c -fPIC  conftest.c >&5
conftest.c: In function 'main':
conftest.c:75:23: error: expected expression before ')' token
configure:4484: $? = 1
configure: failed program was:
| /* confdefs.h */
| #define PACKAGE_NAME ""
| #define PACKAGE_TARNAME ""
| #define PACKAGE_VERSION ""
| #define PACKAGE_STRING ""
| #define PACKAGE_BUGREPORT ""
| #define PACKAGE_URL ""
| #define STDC_HEADERS 1
| #define HAVE_SYS_TYPES_H 1
| #define HAVE_SYS_STAT_H 1
| #define HAVE_STDLIB_H 1
| #define HAVE_STRING_H 1
| #define HAVE_MEMORY_H 1
| #define HAVE_STRINGS_H 1
| #define HAVE_INTTYPES_H 1
| #define HAVE_STDINT_H 1
| #define HAVE_UNISTD_H 1
| #define CPU_CISC 1
| #define HAVE_X86 1
| #define STDC_HEADERS 1
| #define HAVE_STDLIB_H 1
| #define HAVE_UNISTD_H 1
| #define HAVE_BYTESWAP_H 1
| #define HAVE_STDINT_H 1
| #define HAVE_SYS_UIO_H 1
| #define HAVE_INTTYPES_H 1
| #define HAVE_SYS_TYPES_H 1
| #define HAVE_SYS_SOCKET_H 1
| #define HAVE_NETINET_IN_H 1
| #define HAVE_ARPA_INET_H 1
| #define HAVE_SYSLOG_H 1
| #define HAVE_INT8_T 1
| #define HAVE_UINT8_T 1
| #define HAVE_INT16_T 1
| #define HAVE_UINT16_T 1
| #define HAVE_INT32_T 1
| #define HAVE_UINT32_T 1
| /* end confdefs.h.  */
| #include <stdio.h>
| #ifdef HAVE_SYS_TYPES_H
| # include <sys/types.h>
| #endif
| #ifdef HAVE_SYS_STAT_H
| # include <sys/stat.h>
| #endif
| #ifdef STDC_HEADERS
| # include <stdlib.h>
| # include <stddef.h>
| #else
| # ifdef HAVE_STDLIB_H
| #  include <stdlib.h>
| # endif
| #endif
| #ifdef HAVE_STRING_H
| # if !defined STDC_HEADERS && defined HAVE_MEMORY_H
| #  include <memory.h>
| # endif
| # include <string.h>
| #endif
| #ifdef HAVE_STRINGS_H
| # include <strings.h>
| #endif
| #ifdef HAVE_INTTYPES_H
| # include <inttypes.h>
| #endif
| #ifdef HAVE_STDINT_H
| # include <stdint.h>
| #endif
| #ifdef HAVE_UNISTD_H
| # include <unistd.h>
| #endif
| int
| main ()
| {
| if (sizeof ((uint64_t)))
| 	    return 0;
|   ;
|   return 0;
| }
configure:4484: result: yes
configure:4498: checking size of unsigned long
configure:4503: gcc -o conftest -fPIC   -ldl conftest.c  >&5
configure:4503: $? = 0
configure:4503: ./conftest
configure:4503: $? = 0
configure:4517: result: 4
configure:4531: checking size of unsigned long long
configure:4536: gcc -o conftest -fPIC   -ldl conftest.c  >&5
configure:4536: $? = 0
configure:4536: ./conftest
configure:4536: $? = 0
configure:4550: result: 8
configure:4561: checking for an ANSI C-conforming const
configure:4627: gcc -c -fPIC  conftest.c >&5
configure:4627: $? = 0
configure:4634: result: yes
configure:4642: checking for inline
configure:4658: gcc -c -fPIC  conftest.c >&5
configure:4658: $? = 0
configure:4666: result: inline
configure:4684: checking for size_t
configure:4684: gcc -c -fPIC  conftest.c >&5
configure:4684: $? = 0
configure:4684: gcc -c -fPIC  conftest.c >&5
conftest.c: In function 'main':
conftest.c:78:21: error: expected expression before ')' token
configure:4684: $? = 1
configure: failed program was:
| /* confdefs.h */
| #define PACKAGE_NAME ""
| #define PACKAGE_TARNAME ""
| #define PACKAGE_VERSION ""
| #define PACKAGE_STRING ""
| #define PACKAGE_BUGREPORT ""
| #define PACKAGE_URL ""
| #define STDC_HEADERS 1
| #define HAVE_SYS_TYPES_H 1
| #define HAVE_SYS_STAT_H 1
| #define HAVE_STDLIB_H 1
| #define HAVE_STRING_H 1
| #define HAVE_MEMORY_H 1
| #define HAVE_STRINGS_H 1
| #define HAVE_INTTYPES_H 1
| #define HAVE_STDINT_H 1
| #define HAVE_UNISTD_H 1
| #define CPU_CISC 1
| #define HAVE_X86 1
| #define STDC_HEADERS 1
| #define HAVE_STDLIB_H 1
| #define HAVE_UNISTD_H 1
| #define HAVE_BYTESWAP_H 1
| #define HAVE_STDINT_H 1
| #define HAVE_SYS_UIO_H 1
| #define HAVE_INTTYPES_H 1
| #define HAVE_SYS_TYPES_H 1
| #define HAVE_SYS_SOCKET_H 1
| #define HAVE_NETINET_IN_H 1
| #define HAVE_ARPA_INET_H 1
| #define HAVE_SYSLOG_H 1
| #define HAVE_INT8_T 1
| #define HAVE_UINT8_T 1
| #define HAVE_INT16_T 1
| #define HAVE_UINT16_T 1
| #define HAVE_INT32_T 1
| #define HAVE_UINT32_T 1
| #define HAVE_UINT64_T 1
| #define SIZEOF_UNSIGNED_LONG 4
| #define SIZEOF_UNSIGNED_LONG_LONG 8
| /* end confdefs.h.  */
| #include <stdio.h>
| #ifdef HAVE_SYS_TYPES_H
| # include <sys/types.h>
| #endif
| #ifdef HAVE_SYS_STAT_H
| # include <sys/stat.h>
| #endif
| #ifdef STDC_HEADERS
| # include <stdlib.h>
| # include <stddef.h>
| #else
| # ifdef HAVE_STDLIB_H
| #  include <stdlib.h>
| # endif
| #endif
| #ifdef HAVE_STRING_H
| # if !defined STDC_HEADERS && defined HAVE_MEMORY_H
| #  include <memory.h>
| # endif
| # include <string.h>
| #endif
| #ifdef HAVE_STRINGS_H
| # include <strings.h>
| #endif
| #ifdef HAVE_INTTYPES_H
| # include <inttypes.h>
| #endif
| #ifdef HAVE_STDINT_H
| # include <stdint.h>
| #endif
| #ifdef HAVE_UNISTD_H
| # include <unistd.h>
| #endif
| int
| main ()
| {
| if (sizeof ((size_t)))
| 	    return 0;
|   ;
|   return 0;
| }
configure:4684: result: yes
configure:4699: checking for socket
configure:4699: gcc -o conftest -fPIC   -ldl conftest.c  >&5
configure:4699: $? = 0
configure:4699: result: yes
configure:4699: checking for inet_aton
configure:4699: gcc -o conftest -fPIC   -ldl conftest.c  >&5
configure:4699: $? = 0
configure:4699: result: yes
configure:4699: checking for usleep
configure:4699: gcc -o conftest -fPIC   -ldl conftest.c  >&5
configure:4699: $? = 0
configure:4699: result: yes
configure:4699: checking for sigaction
configure:4699: gcc -o conftest -fPIC   -ldl conftest.c  >&5
configure:4699: $? = 0
configure:4699: result: yes
configure:4787: checking whether to compile in debugging
configure:4801: result: yes
configure:4804: checking whether to use ISMAcryp code
configure:4818: result: no
configure:4821: checking whether to leverage OpenSSL crypto
configure:4830: result: no
configure:4996: checking which random device to use
configure:5010: result: /dev/urandom
configure:5025: checking whether to use syslog for error reporting
configure:5039: result: no
configure:5042: checking whether to use stdout for error reporting
configure:5056: result: yes
configure:5059: checking whether to use /dev/console for error reporting
configure:5076: result: no
configure:5079: checking whether to use GDOI key management
configure:5095: result: no
configure:5218: creating ./config.status

## ---------------------- ##
## Running config.status. ##
## ---------------------- ##

This file was extended by config.status, which was
generated by GNU Autoconf 2.69.  Invocation command line was

  CONFIG_FILES    = 
  CONFIG_HEADERS  = 
  CONFIG_LINKS    = 
  CONFIG_COMMANDS = 
  $ ./config.status 

on v18.mycallcloud.com

config.status:849: creating Makefile
config.status:849: creating crypto/Makefile
config.status:849: creating doc/Makefile
config.status:849: creating crypto/include/config.h
config.status:1024: crypto/include/config.h is unchanged

## ---------------- ##
## Cache variables. ##
## ---------------- ##

ac_cv_build=i686-pc-linux-gnu
ac_cv_c_bigendian=no
ac_cv_c_compiler_gnu=yes
ac_cv_c_const=yes
ac_cv_c_inline=inline
ac_cv_env_CC_set=
ac_cv_env_CC_value=
ac_cv_env_CFLAGS_set=set
ac_cv_env_CFLAGS_value=-fPIC
ac_cv_env_CPPFLAGS_set=
ac_cv_env_CPPFLAGS_value=
ac_cv_env_CPP_set=
ac_cv_env_CPP_value=
ac_cv_env_LDFLAGS_set=set
ac_cv_env_LDFLAGS_value=' -ldl'
ac_cv_env_LIBS_set=
ac_cv_env_LIBS_value=
ac_cv_env_build_alias_set=
ac_cv_env_build_alias_value=
ac_cv_env_host_alias_set=
ac_cv_env_host_alias_value=
ac_cv_env_target_alias_set=
ac_cv_env_target_alias_value=
ac_cv_file__dev_urandom=yes
ac_cv_func_inet_aton=yes
ac_cv_func_sigaction=yes
ac_cv_func_socket=yes
ac_cv_func_usleep=yes
ac_cv_header_arpa_inet_h=yes
ac_cv_header_byteswap_h=yes
ac_cv_header_inttypes_h=yes
ac_cv_header_machine_types_h=no
ac_cv_header_memory_h=yes
ac_cv_header_netinet_in_h=yes
ac_cv_header_stdc=yes
ac_cv_header_stdint_h=yes
ac_cv_header_stdlib_h=yes
ac_cv_header_string_h=yes
ac_cv_header_strings_h=yes
ac_cv_header_sys_int_types_h=no
ac_cv_header_sys_socket_h=yes
ac_cv_header_sys_stat_h=yes
ac_cv_header_sys_types_h=yes
ac_cv_header_sys_uio_h=yes
ac_cv_header_syslog_h=yes
ac_cv_header_unistd_h=yes
ac_cv_header_windows_h=no
ac_cv_host=i686-pc-linux-gnu
ac_cv_objext=o
ac_cv_path_EGREP='/usr/bin/grep -E'
ac_cv_path_GREP=/usr/bin/grep
ac_cv_path_install='/usr/bin/install -c'
ac_cv_prog_CPP='gcc -E'
ac_cv_prog_ac_ct_CC=gcc
ac_cv_prog_ac_ct_RANLIB=ranlib
ac_cv_prog_cc_c89=
ac_cv_prog_cc_g=yes
ac_cv_sizeof_unsigned_long=4
ac_cv_sizeof_unsigned_long_long=8
ac_cv_type_int16_t=yes
ac_cv_type_int32_t=yes
ac_cv_type_int8_t=yes
ac_cv_type_size_t=yes
ac_cv_type_uint16_t=yes
ac_cv_type_uint32_t=yes
ac_cv_type_uint64_t=yes
ac_cv_type_uint8_t=yes

## ----------------- ##
## Output variables. ##
## ----------------- ##

AES_ICM_OBJS='crypto/cipher/aes_icm.o crypto/cipher/aes.o crypto/cipher/aes_cbc.o'
CC='gcc'
CFLAGS='-fPIC'
CPP='gcc -E'
CPPFLAGS=''
DEFS='-DHAVE_CONFIG_H'
ECHO_C=''
ECHO_N='-n'
ECHO_T=''
EGREP='/usr/bin/grep -E'
EXE=''
EXEEXT=''
GDOI_OBJS=''
GREP='/usr/bin/grep'
HMAC_OBJS='crypto/hash/hmac.o crypto/hash/sha1.o'
INSTALL_DATA='${INSTALL} -m 644'
INSTALL_PROGRAM='${INSTALL}'
INSTALL_SCRIPT='${INSTALL}'
LDFLAGS=' -ldl'
LIBOBJS=''
LIBS=''
LTLIBOBJS=''
OBJEXT='o'
PACKAGE_BUGREPORT=''
PACKAGE_NAME=''
PACKAGE_STRING=''
PACKAGE_TARNAME=''
PACKAGE_URL=''
PACKAGE_VERSION=''
PATH_SEPARATOR=':'
RANLIB='ranlib'
RNG_EXTRA_OBJS='crypto/rng/prng.o crypto/rng/ctr_prng.o'
RNG_OBJS='rand_source.o'
SHELL='/bin/sh'
USE_OPENSSL=''
ac_ct_CC='gcc'
bindir='${exec_prefix}/bin'
build='i686-pc-linux-gnu'
build_alias=''
build_cpu='i686'
build_os='linux-gnu'
build_vendor='pc'
datadir='${datarootdir}'
datarootdir='${prefix}/share'
docdir='${datarootdir}/doc/${PACKAGE}'
dvidir='${docdir}'
exec_prefix='${prefix}'
host='i686-pc-linux-gnu'
host_alias=''
host_cpu='i686'
host_os='linux-gnu'
host_vendor='pc'
htmldir='${docdir}'
includedir='${prefix}/include'
infodir='${datarootdir}/info'
libdir='${exec_prefix}/lib'
libexecdir='${exec_prefix}/libexec'
localedir='${datarootdir}/locale'
localstatedir='${prefix}/var'
mandir='${datarootdir}/man'
oldincludedir='/usr/include'
pdfdir='${docdir}'
prefix='/usr/local'
program_transform_name='s,x,x,'
psdir='${docdir}'
sbindir='${exec_prefix}/sbin'
sharedstatedir='${prefix}/com'
sysconfdir='${prefix}/etc'
target_alias=''

## ----------- ##
## confdefs.h. ##
## ----------- ##

/* confdefs.h */
#define PACKAGE_NAME ""
#define PACKAGE_TARNAME ""
#define PACKAGE_VERSION ""
#define PACKAGE_STRING ""
#define PACKAGE_BUGREPORT ""
#define PACKAGE_URL ""
#define STDC_HEADERS 1
#define HAVE_SYS_TYPES_H 1
#define HAVE_SYS_STAT_H 1
#define HAVE_STDLIB_H 1
#define HAVE_STRING_H 1
#define HAVE_MEMORY_H 1
#define HAVE_STRINGS_H 1
#define HAVE_INTTYPES_H 1
#define HAVE_STDINT_H 1
#define HAVE_UNISTD_H 1
#define CPU_CISC 1
#define HAVE_X86 1
#define STDC_HEADERS 1
#define HAVE_STDLIB_H 1
#define HAVE_UNISTD_H 1
#define HAVE_BYTESWAP_H 1
#define HAVE_STDINT_H 1
#define HAVE_SYS_UIO_H 1
#define HAVE_INTTYPES_H 1
#define HAVE_SYS_TYPES_H 1
#define HAVE_SYS_SOCKET_H 1
#define HAVE_NETINET_IN_H 1
#define HAVE_ARPA_INET_H 1
#define HAVE_SYSLOG_H 1
#define HAVE_INT8_T 1
#define HAVE_UINT8_T 1
#define HAVE_INT16_T 1
#define HAVE_UINT16_T 1
#define HAVE_INT32_T 1
#define HAVE_UINT32_T 1
#define HAVE_UINT64_T 1
#define SIZEOF_UNSIGNED_LONG 4
#define SIZEOF_UNSIGNED_LONG_LONG 8
#define HAVE_SOCKET 1
#define HAVE_INET_ATON 1
#define HAVE_USLEEP 1
#define HAVE_SIGACTION 1
#define ENABLE_DEBUGGING 1
#define DEV_URANDOM "/dev/urandom"
#define ERR_REPORTING_STDOUT 1

configure: exit 0
